This file contains any messages produced by compilers while
running configure, to aid debugging if configure makes a mistake.

It was created by openSMILE configure 2.3.0, which was
generated by GNU Autoconf 2.69.  Invocation command line was

  $ ./configure --prefix=/afs/ece.cmu.edu/usr/yaesunk/Documents/18500/opensmile-2.3.0 --with-portaudio=/afs/ece.cmu.edu/usr/yaesunk/Documents/18500/opensmile-2.3.0 

## --------- ##
## Platform. ##
## --------- ##

hostname = ahtanum.andrew.cmu.edu
uname -m = x86_64
uname -r = 3.10.0-693.2.2.el7.x86_64
uname -s = Linux
uname -v = #1 SMP Sat Sep 9 03:55:24 EDT 2017

/usr/bin/uname -p = x86_64
/bin/uname -X     = unknown

/bin/arch              = x86_64
/usr/bin/arch -k       = unknown
/usr/convex/getsysinfo = unknown
/usr/bin/hostinfo      = unknown
/bin/machine           = unknown
/usr/bin/oslevel       = unknown
/bin/universe          = unknown

PATH: /usr/lib64/qt-3.3/bin
PATH: /usr/local/bin
PATH: /usr/local/sbin
PATH: /usr/bin
PATH: /usr/sbin
PATH: /bin
PATH: /sbin
PATH: /afs/ece.cmu.edu/class/ece240/bin
PATH: /usr/local/synopsys/synopsys-2007.03-SP5/linux/syn/bin
PATH: /usr/local/synopsys/vcs-mx_vJ-2014.12/bin
PATH: /afs/ece/support/altera/release/12.1/quartus/bin
PATH: /afs/ece.cmu.edu/class/ece240/bin
PATH: /usr/local/synopsys/synopsys-2007.03-SP5/linux/syn/bin
PATH: /usr/local/synopsys/vcs-mx_vJ-2014.12/bin
PATH: /afs/ece/support/altera/release/12.1/quartus/bin
PATH: /afs/ece.cmu.edu/class/ece240/bin
PATH: /usr/local/synopsys/synopsys-2007.03-SP5/linux/syn/bin
PATH: /usr/local/synopsys/vcs-mx_vJ-2014.12/bin
PATH: /afs/ece/support/altera/release/12.1/quartus/bin


## ----------- ##
## Core tests. ##
## ----------- ##

configure:2488: checking for a BSD-compatible install
configure:2556: result: /usr/bin/install -c
configure:2567: checking whether build environment is sane
configure:2622: result: yes
configure:2773: checking for a thread-safe mkdir -p
configure:2812: result: /usr/bin/mkdir -p
configure:2819: checking for gawk
configure:2835: found /usr/bin/gawk
configure:2846: result: gawk
configure:2857: checking whether make sets $(MAKE)
configure:2879: result: yes
configure:2908: checking whether make supports nested variables
configure:2925: result: yes
configure:3060: checking for gcc
configure:3076: found /usr/bin/gcc
configure:3087: result: gcc
configure:3316: checking for C compiler version
configure:3325: gcc --version >&5
gcc (GCC) 4.8.5 20150623 (Red Hat 4.8.5-16)
Copyright (C) 2015 Free Software Foundation, Inc.
This is free software; see the source for copying conditions.  There is NO
warranty; not even for MERCHANTABILITY or FITNESS FOR A PARTICULAR PURPOSE.

configure:3336: $? = 0
configure:3325: gcc -v >&5
Using built-in specs.
COLLECT_GCC=gcc
COLLECT_LTO_WRAPPER=/usr/libexec/gcc/x86_64-redhat-linux/4.8.5/lto-wrapper
Target: x86_64-redhat-linux
Configured with: ../configure --prefix=/usr --mandir=/usr/share/man --infodir=/usr/share/info --with-bugurl=http://bugzilla.redhat.com/bugzilla --enable-bootstrap --enable-shared --enable-threads=posix --enable-checking=release --with-system-zlib --enable-__cxa_atexit --disable-libunwind-exceptions --enable-gnu-unique-object --enable-linker-build-id --with-linker-hash-style=gnu --enable-languages=c,c++,objc,obj-c++,java,fortran,ada,go,lto --enable-plugin --enable-initfini-array --disable-libgcj --with-isl=/builddir/build/BUILD/gcc-4.8.5-20150702/obj-x86_64-redhat-linux/isl-install --with-cloog=/builddir/build/BUILD/gcc-4.8.5-20150702/obj-x86_64-redhat-linux/cloog-install --enable-gnu-indirect-function --with-tune=generic --with-arch_32=x86-64 --build=x86_64-redhat-linux
Thread model: posix
gcc version 4.8.5 20150623 (Red Hat 4.8.5-16) (GCC) 
configure:3336: $? = 0
configure:3325: gcc -V >&5
gcc: error: unrecognized command line option '-V'
gcc: fatal error: no input files
compilation terminated.
configure:3336: $? = 4
configure:3325: gcc -qversion >&5
gcc: error: unrecognized command line option '-qversion'
gcc: fatal error: no input files
compilation terminated.
configure:3336: $? = 4
configure:3356: checking whether the C compiler works
configure:3378: gcc -O2 -DOPENSMILE_BUILD -DHAVE_PORTAUDIO -DBUILD_LIBSVM -DBUILD_SVMSMO -DBUILD_RNN -DBUILD_WITHOUT_EXPERIMENTAL  conftest.c  >&5
configure:3382: $? = 0
configure:3430: result: yes
configure:3433: checking for C compiler default output file name
configure:3435: result: a.out
configure:3441: checking for suffix of executables
configure:3448: gcc -o conftest -O2 -DOPENSMILE_BUILD -DHAVE_PORTAUDIO -DBUILD_LIBSVM -DBUILD_SVMSMO -DBUILD_RNN -DBUILD_WITHOUT_EXPERIMENTAL  conftest.c  >&5
configure:3452: $? = 0
configure:3474: result: 
configure:3496: checking whether we are cross compiling
configure:3504: gcc -o conftest -O2 -DOPENSMILE_BUILD -DHAVE_PORTAUDIO -DBUILD_LIBSVM -DBUILD_SVMSMO -DBUILD_RNN -DBUILD_WITHOUT_EXPERIMENTAL  conftest.c  >&5
configure:3508: $? = 0
configure:3515: ./conftest
configure:3519: $? = 0
configure:3534: result: no
configure:3539: checking for suffix of object files
configure:3561: gcc -c -O2 -DOPENSMILE_BUILD -DHAVE_PORTAUDIO -DBUILD_LIBSVM -DBUILD_SVMSMO -DBUILD_RNN -DBUILD_WITHOUT_EXPERIMENTAL conftest.c >&5
configure:3565: $? = 0
configure:3586: result: o
configure:3590: checking whether we are using the GNU C compiler
configure:3609: gcc -c -O2 -DOPENSMILE_BUILD -DHAVE_PORTAUDIO -DBUILD_LIBSVM -DBUILD_SVMSMO -DBUILD_RNN -DBUILD_WITHOUT_EXPERIMENTAL conftest.c >&5
configure:3609: $? = 0
configure:3618: result: yes
configure:3627: checking whether gcc accepts -g
configure:3647: gcc -c -g -DOPENSMILE_BUILD -DHAVE_PORTAUDIO -DBUILD_LIBSVM -DBUILD_SVMSMO -DBUILD_RNN -DBUILD_WITHOUT_EXPERIMENTAL conftest.c >&5
configure:3647: $? = 0
configure:3688: result: yes
configure:3705: checking for gcc option to accept ISO C89
configure:3768: gcc  -c -O2 -DOPENSMILE_BUILD -DHAVE_PORTAUDIO -DBUILD_LIBSVM -DBUILD_SVMSMO -DBUILD_RNN -DBUILD_WITHOUT_EXPERIMENTAL conftest.c >&5
configure:3768: $? = 0
configure:3781: result: none needed
configure:3812: checking for style of include used by make
configure:3840: result: GNU
configure:3866: checking dependency style of gcc
configure:3977: result: gcc3
configure:4050: checking for g++
configure:4066: found /usr/bin/g++
configure:4077: result: g++
configure:4104: checking for C++ compiler version
configure:4113: g++ --version >&5
g++ (GCC) 4.8.5 20150623 (Red Hat 4.8.5-16)
Copyright (C) 2015 Free Software Foundation, Inc.
This is free software; see the source for copying conditions.  There is NO
warranty; not even for MERCHANTABILITY or FITNESS FOR A PARTICULAR PURPOSE.

configure:4124: $? = 0
configure:4113: g++ -v >&5
Using built-in specs.
COLLECT_GCC=g++
COLLECT_LTO_WRAPPER=/usr/libexec/gcc/x86_64-redhat-linux/4.8.5/lto-wrapper
Target: x86_64-redhat-linux
Configured with: ../configure --prefix=/usr --mandir=/usr/share/man --infodir=/usr/share/info --with-bugurl=http://bugzilla.redhat.com/bugzilla --enable-bootstrap --enable-shared --enable-threads=posix --enable-checking=release --with-system-zlib --enable-__cxa_atexit --disable-libunwind-exceptions --enable-gnu-unique-object --enable-linker-build-id --with-linker-hash-style=gnu --enable-languages=c,c++,objc,obj-c++,java,fortran,ada,go,lto --enable-plugin --enable-initfini-array --disable-libgcj --with-isl=/builddir/build/BUILD/gcc-4.8.5-20150702/obj-x86_64-redhat-linux/isl-install --with-cloog=/builddir/build/BUILD/gcc-4.8.5-20150702/obj-x86_64-redhat-linux/cloog-install --enable-gnu-indirect-function --with-tune=generic --with-arch_32=x86-64 --build=x86_64-redhat-linux
Thread model: posix
gcc version 4.8.5 20150623 (Red Hat 4.8.5-16) (GCC) 
configure:4124: $? = 0
configure:4113: g++ -V >&5
g++: error: unrecognized command line option '-V'
g++: fatal error: no input files
compilation terminated.
configure:4124: $? = 4
configure:4113: g++ -qversion >&5
g++: error: unrecognized command line option '-qversion'
g++: fatal error: no input files
compilation terminated.
configure:4124: $? = 4
configure:4128: checking whether we are using the GNU C++ compiler
configure:4147: g++ -c -O2 -lrt -D__STDC_CONSTANT_MACROS -DOPENSMILE_BUILD -DHAVE_PORTAUDIO -DBUILD_LIBSVM -DBUILD_SVMSMO -DBUILD_RNN -DBUILD_WITHOUT_EXPERIMENTAL conftest.cpp >&5
configure:4147: $? = 0
configure:4156: result: yes
configure:4165: checking whether g++ accepts -g
configure:4185: g++ -c -g -DOPENSMILE_BUILD -DHAVE_PORTAUDIO -DBUILD_LIBSVM -DBUILD_SVMSMO -DBUILD_RNN -DBUILD_WITHOUT_EXPERIMENTAL conftest.cpp >&5
configure:4185: $? = 0
configure:4226: result: yes
configure:4251: checking dependency style of g++
configure:4362: result: gcc3
configure:4406: checking build system type
configure:4420: result: x86_64-unknown-linux-gnu
configure:4440: checking host system type
configure:4453: result: x86_64-unknown-linux-gnu
configure:4494: checking how to print strings
configure:4521: result: printf
configure:4542: checking for a sed that does not truncate output
configure:4606: result: /usr/bin/sed
configure:4624: checking for grep that handles long lines and -e
configure:4682: result: /usr/bin/grep
configure:4687: checking for egrep
configure:4749: result: /usr/bin/grep -E
configure:4754: checking for fgrep
configure:4816: result: /usr/bin/grep -F
configure:4851: checking for ld used by gcc
configure:4918: result: /usr/bin/ld
configure:4925: checking if the linker (/usr/bin/ld) is GNU ld
configure:4940: result: yes
configure:4952: checking for BSD- or MS-compatible name lister (nm)
configure:5001: result: /usr/bin/nm -B
configure:5131: checking the name lister (/usr/bin/nm -B) interface
configure:5138: gcc -c -O2 -DOPENSMILE_BUILD -DHAVE_PORTAUDIO -DBUILD_LIBSVM -DBUILD_SVMSMO -DBUILD_RNN -DBUILD_WITHOUT_EXPERIMENTAL conftest.c >&5
configure:5141: /usr/bin/nm -B "conftest.o"
configure:5144: output
0000000000000000 B some_variable
configure:5151: result: BSD nm
configure:5154: checking whether ln -s works
configure:5158: result: yes
configure:5166: checking the maximum length of command line arguments
configure:5296: result: 1572864
configure:5313: checking whether the shell understands some XSI constructs
configure:5323: result: yes
configure:5327: checking whether the shell understands "+="
configure:5333: result: yes
configure:5368: checking how to convert x86_64-unknown-linux-gnu file names to x86_64-unknown-linux-gnu format
configure:5408: result: func_convert_file_noop
configure:5415: checking how to convert x86_64-unknown-linux-gnu file names to toolchain format
configure:5435: result: func_convert_file_noop
configure:5442: checking for /usr/bin/ld option to reload object files
configure:5449: result: -r
configure:5523: checking for objdump
configure:5539: found /usr/bin/objdump
configure:5550: result: objdump
configure:5582: checking how to recognize dependent libraries
configure:5784: result: pass_all
configure:5869: checking for dlltool
configure:5899: result: no
configure:5929: checking how to associate runtime and link libraries
configure:5956: result: printf %s\n
configure:6017: checking for ar
configure:6033: found /usr/bin/ar
configure:6044: result: ar
configure:6081: checking for archiver @FILE support
configure:6098: gcc -c -O2 -DOPENSMILE_BUILD -DHAVE_PORTAUDIO -DBUILD_LIBSVM -DBUILD_SVMSMO -DBUILD_RNN -DBUILD_WITHOUT_EXPERIMENTAL conftest.c >&5
configure:6098: $? = 0
configure:6101: ar cru libconftest.a @conftest.lst >&5
configure:6104: $? = 0
configure:6109: ar cru libconftest.a @conftest.lst >&5
ar: conftest.o: No such file or directory
configure:6112: $? = 1
configure:6124: result: @
configure:6182: checking for strip
configure:6198: found /usr/bin/strip
configure:6209: result: strip
configure:6281: checking for ranlib
configure:6297: found /usr/bin/ranlib
configure:6308: result: ranlib
configure:6410: checking command to parse /usr/bin/nm -B output from gcc object
configure:6530: gcc -c -O2 -DOPENSMILE_BUILD -DHAVE_PORTAUDIO -DBUILD_LIBSVM -DBUILD_SVMSMO -DBUILD_RNN -DBUILD_WITHOUT_EXPERIMENTAL conftest.c >&5
configure:6533: $? = 0
configure:6537: /usr/bin/nm -B conftest.o \| sed -n -e 's/^.*[ ]\([ABCDGIRSTW][ABCDGIRSTW]*\)[ ][ ]*\([_A-Za-z][_A-Za-z0-9]*\)$/\1 \2 \2/p' | sed '/ __gnu_lto/d' \> conftest.nm
configure:6540: $? = 0
configure:6606: gcc -o conftest -O2 -DOPENSMILE_BUILD -DHAVE_PORTAUDIO -DBUILD_LIBSVM -DBUILD_SVMSMO -DBUILD_RNN -DBUILD_WITHOUT_EXPERIMENTAL  conftest.c conftstm.o >&5
configure:6609: $? = 0
configure:6647: result: ok
configure:6684: checking for sysroot
configure:6714: result: no
configure:6791: gcc -c -O2 -DOPENSMILE_BUILD -DHAVE_PORTAUDIO -DBUILD_LIBSVM -DBUILD_SVMSMO -DBUILD_RNN -DBUILD_WITHOUT_EXPERIMENTAL conftest.c >&5
configure:6794: $? = 0
configure:6970: checking for mt
configure:7000: result: no
configure:7020: checking if : is a manifest tool
configure:7026: : '-?'
configure:7034: result: no
configure:7676: checking how to run the C preprocessor
configure:7707: gcc -E -DOPENSMILE_BUILD -DHAVE_PORTAUDIO -DBUILD_LIBSVM -DBUILD_SVMSMO -DBUILD_RNN -DBUILD_WITHOUT_EXPERIMENTAL conftest.c
configure:7707: $? = 0
configure:7721: gcc -E -DOPENSMILE_BUILD -DHAVE_PORTAUDIO -DBUILD_LIBSVM -DBUILD_SVMSMO -DBUILD_RNN -DBUILD_WITHOUT_EXPERIMENTAL conftest.c
conftest.c:11:28: fatal error: ac_nonexistent.h: No such file or directory
 #include <ac_nonexistent.h>
                            ^
compilation terminated.
configure:7721: $? = 1
configure: failed program was:
| /* confdefs.h */
| #define PACKAGE_NAME "openSMILE"
| #define PACKAGE_TARNAME "opensmile"
| #define PACKAGE_VERSION "2.3.0"
| #define PACKAGE_STRING "openSMILE 2.3.0"
| #define PACKAGE_BUGREPORT ""
| #define PACKAGE_URL ""
| #define PACKAGE "opensmile"
| #define VERSION "2.3.0"
| /* end confdefs.h.  */
| #include <ac_nonexistent.h>
configure:7746: result: gcc -E
configure:7766: gcc -E -DOPENSMILE_BUILD -DHAVE_PORTAUDIO -DBUILD_LIBSVM -DBUILD_SVMSMO -DBUILD_RNN -DBUILD_WITHOUT_EXPERIMENTAL conftest.c
configure:7766: $? = 0
configure:7780: gcc -E -DOPENSMILE_BUILD -DHAVE_PORTAUDIO -DBUILD_LIBSVM -DBUILD_SVMSMO -DBUILD_RNN -DBUILD_WITHOUT_EXPERIMENTAL conftest.c
conftest.c:11:28: fatal error: ac_nonexistent.h: No such file or directory
 #include <ac_nonexistent.h>
                            ^
compilation terminated.
configure:7780: $? = 1
configure: failed program was:
| /* confdefs.h */
| #define PACKAGE_NAME "openSMILE"
| #define PACKAGE_TARNAME "opensmile"
| #define PACKAGE_VERSION "2.3.0"
| #define PACKAGE_STRING "openSMILE 2.3.0"
| #define PACKAGE_BUGREPORT ""
| #define PACKAGE_URL ""
| #define PACKAGE "opensmile"
| #define VERSION "2.3.0"
| /* end confdefs.h.  */
| #include <ac_nonexistent.h>
configure:7809: checking for ANSI C header files
configure:7829: gcc -c -O2 -DOPENSMILE_BUILD -DHAVE_PORTAUDIO -DBUILD_LIBSVM -DBUILD_SVMSMO -DBUILD_RNN -DBUILD_WITHOUT_EXPERIMENTAL conftest.c >&5
configure:7829: $? = 0
configure:7902: gcc -o conftest -O2 -DOPENSMILE_BUILD -DHAVE_PORTAUDIO -DBUILD_LIBSVM -DBUILD_SVMSMO -DBUILD_RNN -DBUILD_WITHOUT_EXPERIMENTAL  conftest.c  >&5
configure:7902: $? = 0
configure:7902: ./conftest
configure:7902: $? = 0
configure:7913: result: yes
configure:7926: checking for sys/types.h
configure:7926: gcc -c -O2 -DOPENSMILE_BUILD -DHAVE_PORTAUDIO -DBUILD_LIBSVM -DBUILD_SVMSMO -DBUILD_RNN -DBUILD_WITHOUT_EXPERIMENTAL conftest.c >&5
configure:7926: $? = 0
configure:7926: result: yes
configure:7926: checking for sys/stat.h
configure:7926: gcc -c -O2 -DOPENSMILE_BUILD -DHAVE_PORTAUDIO -DBUILD_LIBSVM -DBUILD_SVMSMO -DBUILD_RNN -DBUILD_WITHOUT_EXPERIMENTAL conftest.c >&5
configure:7926: $? = 0
configure:7926: result: yes
configure:7926: checking for stdlib.h
configure:7926: gcc -c -O2 -DOPENSMILE_BUILD -DHAVE_PORTAUDIO -DBUILD_LIBSVM -DBUILD_SVMSMO -DBUILD_RNN -DBUILD_WITHOUT_EXPERIMENTAL conftest.c >&5
configure:7926: $? = 0
configure:7926: result: yes
configure:7926: checking for string.h
configure:7926: gcc -c -O2 -DOPENSMILE_BUILD -DHAVE_PORTAUDIO -DBUILD_LIBSVM -DBUILD_SVMSMO -DBUILD_RNN -DBUILD_WITHOUT_EXPERIMENTAL conftest.c >&5
configure:7926: $? = 0
configure:7926: result: yes
configure:7926: checking for memory.h
configure:7926: gcc -c -O2 -DOPENSMILE_BUILD -DHAVE_PORTAUDIO -DBUILD_LIBSVM -DBUILD_SVMSMO -DBUILD_RNN -DBUILD_WITHOUT_EXPERIMENTAL conftest.c >&5
configure:7926: $? = 0
configure:7926: result: yes
configure:7926: checking for strings.h
configure:7926: gcc -c -O2 -DOPENSMILE_BUILD -DHAVE_PORTAUDIO -DBUILD_LIBSVM -DBUILD_SVMSMO -DBUILD_RNN -DBUILD_WITHOUT_EXPERIMENTAL conftest.c >&5
configure:7926: $? = 0
configure:7926: result: yes
configure:7926: checking for inttypes.h
configure:7926: gcc -c -O2 -DOPENSMILE_BUILD -DHAVE_PORTAUDIO -DBUILD_LIBSVM -DBUILD_SVMSMO -DBUILD_RNN -DBUILD_WITHOUT_EXPERIMENTAL conftest.c >&5
configure:7926: $? = 0
configure:7926: result: yes
configure:7926: checking for stdint.h
configure:7926: gcc -c -O2 -DOPENSMILE_BUILD -DHAVE_PORTAUDIO -DBUILD_LIBSVM -DBUILD_SVMSMO -DBUILD_RNN -DBUILD_WITHOUT_EXPERIMENTAL conftest.c >&5
configure:7926: $? = 0
configure:7926: result: yes
configure:7926: checking for unistd.h
configure:7926: gcc -c -O2 -DOPENSMILE_BUILD -DHAVE_PORTAUDIO -DBUILD_LIBSVM -DBUILD_SVMSMO -DBUILD_RNN -DBUILD_WITHOUT_EXPERIMENTAL conftest.c >&5
configure:7926: $? = 0
configure:7926: result: yes
configure:7940: checking for dlfcn.h
configure:7940: gcc -c -O2 -DOPENSMILE_BUILD -DHAVE_PORTAUDIO -DBUILD_LIBSVM -DBUILD_SVMSMO -DBUILD_RNN -DBUILD_WITHOUT_EXPERIMENTAL conftest.c >&5
configure:7940: $? = 0
configure:7940: result: yes
configure:8157: checking for objdir
configure:8172: result: .libs
configure:8443: checking if gcc supports -fno-rtti -fno-exceptions
configure:8461: gcc -c -O2 -DOPENSMILE_BUILD -DHAVE_PORTAUDIO -DBUILD_LIBSVM -DBUILD_SVMSMO -DBUILD_RNN -DBUILD_WITHOUT_EXPERIMENTAL -fno-rtti -fno-exceptions conftest.c >&5
cc1: warning: command line option '-fno-rtti' is valid for C++/ObjC++ but not for C [enabled by default]
configure:8465: $? = 0
configure:8478: result: no
configure:8805: checking for gcc option to produce PIC
configure:8812: result: -fPIC -DPIC
configure:8820: checking if gcc PIC flag -fPIC -DPIC works
configure:8838: gcc -c -O2 -DOPENSMILE_BUILD -DHAVE_PORTAUDIO -DBUILD_LIBSVM -DBUILD_SVMSMO -DBUILD_RNN -DBUILD_WITHOUT_EXPERIMENTAL -fPIC -DPIC -DPIC conftest.c >&5
configure:8842: $? = 0
configure:8855: result: yes
configure:8884: checking if gcc static flag -static works
configure:8912: result: yes
configure:8927: checking if gcc supports -c -o file.o
configure:8948: gcc -c -O2 -DOPENSMILE_BUILD -DHAVE_PORTAUDIO -DBUILD_LIBSVM -DBUILD_SVMSMO -DBUILD_RNN -DBUILD_WITHOUT_EXPERIMENTAL -o out/conftest2.o conftest.c >&5
configure:8952: $? = 0
configure:8974: result: yes
configure:8982: checking if gcc supports -c -o file.o
configure:9029: result: yes
configure:9062: checking whether the gcc linker (/usr/bin/ld -m elf_x86_64) supports shared libraries
configure:10215: result: yes
configure:10252: checking whether -lc should be explicitly linked in
configure:10260: gcc -c -O2 -DOPENSMILE_BUILD -DHAVE_PORTAUDIO -DBUILD_LIBSVM -DBUILD_SVMSMO -DBUILD_RNN -DBUILD_WITHOUT_EXPERIMENTAL conftest.c >&5
configure:10263: $? = 0
configure:10278: gcc -shared  -fPIC -DPIC conftest.o  -v -Wl,-soname -Wl,conftest -o conftest 2\>\&1 \| /usr/bin/grep  -lc  \>/dev/null 2\>\&1
configure:10281: $? = 0
configure:10295: result: no
configure:10455: checking dynamic linker characteristics
configure:10966: gcc -o conftest -O2 -DOPENSMILE_BUILD -DHAVE_PORTAUDIO -DBUILD_LIBSVM -DBUILD_SVMSMO -DBUILD_RNN -DBUILD_WITHOUT_EXPERIMENTAL  -Wl,-rpath -Wl,/foo conftest.c  >&5
configure:10966: $? = 0
configure:11192: result: GNU/Linux ld.so
configure:11299: checking how to hardcode library paths into programs
configure:11324: result: immediate
configure:11864: checking whether stripping libraries is possible
configure:11869: result: yes
configure:11904: checking if libtool supports shared libraries
configure:11906: result: yes
configure:11909: checking whether to build shared libraries
configure:11930: result: yes
configure:11933: checking whether to build static libraries
configure:11937: result: yes
configure:11960: checking how to run the C++ preprocessor
configure:11987: g++ -E -DOPENSMILE_BUILD -DHAVE_PORTAUDIO -DBUILD_LIBSVM -DBUILD_SVMSMO -DBUILD_RNN -DBUILD_WITHOUT_EXPERIMENTAL conftest.cpp
configure:11987: $? = 0
configure:12001: g++ -E -DOPENSMILE_BUILD -DHAVE_PORTAUDIO -DBUILD_LIBSVM -DBUILD_SVMSMO -DBUILD_RNN -DBUILD_WITHOUT_EXPERIMENTAL conftest.cpp
conftest.cpp:23:28: fatal error: ac_nonexistent.h: No such file or directory
 #include <ac_nonexistent.h>
                            ^
compilation terminated.
configure:12001: $? = 1
configure: failed program was:
| /* confdefs.h */
| #define PACKAGE_NAME "openSMILE"
| #define PACKAGE_TARNAME "opensmile"
| #define PACKAGE_VERSION "2.3.0"
| #define PACKAGE_STRING "openSMILE 2.3.0"
| #define PACKAGE_BUGREPORT ""
| #define PACKAGE_URL ""
| #define PACKAGE "opensmile"
| #define VERSION "2.3.0"
| #define STDC_HEADERS 1
| #define HAVE_SYS_TYPES_H 1
| #define HAVE_SYS_STAT_H 1
| #define HAVE_STDLIB_H 1
| #define HAVE_STRING_H 1
| #define HAVE_MEMORY_H 1
| #define HAVE_STRINGS_H 1
| #define HAVE_INTTYPES_H 1
| #define HAVE_STDINT_H 1
| #define HAVE_UNISTD_H 1
| #define HAVE_DLFCN_H 1
| #define LT_OBJDIR ".libs/"
| /* end confdefs.h.  */
| #include <ac_nonexistent.h>
configure:12026: result: g++ -E
configure:12046: g++ -E -DOPENSMILE_BUILD -DHAVE_PORTAUDIO -DBUILD_LIBSVM -DBUILD_SVMSMO -DBUILD_RNN -DBUILD_WITHOUT_EXPERIMENTAL conftest.cpp
configure:12046: $? = 0
configure:12060: g++ -E -DOPENSMILE_BUILD -DHAVE_PORTAUDIO -DBUILD_LIBSVM -DBUILD_SVMSMO -DBUILD_RNN -DBUILD_WITHOUT_EXPERIMENTAL conftest.cpp
conftest.cpp:23:28: fatal error: ac_nonexistent.h: No such file or directory
 #include <ac_nonexistent.h>
                            ^
compilation terminated.
configure:12060: $? = 1
configure: failed program was:
| /* confdefs.h */
| #define PACKAGE_NAME "openSMILE"
| #define PACKAGE_TARNAME "opensmile"
| #define PACKAGE_VERSION "2.3.0"
| #define PACKAGE_STRING "openSMILE 2.3.0"
| #define PACKAGE_BUGREPORT ""
| #define PACKAGE_URL ""
| #define PACKAGE "opensmile"
| #define VERSION "2.3.0"
| #define STDC_HEADERS 1
| #define HAVE_SYS_TYPES_H 1
| #define HAVE_SYS_STAT_H 1
| #define HAVE_STDLIB_H 1
| #define HAVE_STRING_H 1
| #define HAVE_MEMORY_H 1
| #define HAVE_STRINGS_H 1
| #define HAVE_INTTYPES_H 1
| #define HAVE_STDINT_H 1
| #define HAVE_UNISTD_H 1
| #define HAVE_DLFCN_H 1
| #define LT_OBJDIR ".libs/"
| /* end confdefs.h.  */
| #include <ac_nonexistent.h>
configure:12229: checking for ld used by g++
configure:12296: result: /usr/bin/ld -m elf_x86_64
configure:12303: checking if the linker (/usr/bin/ld -m elf_x86_64) is GNU ld
configure:12318: result: yes
configure:12373: checking whether the g++ linker (/usr/bin/ld -m elf_x86_64) supports shared libraries
configure:13378: result: yes
configure:13414: g++ -c -O2 -lrt -D__STDC_CONSTANT_MACROS -DOPENSMILE_BUILD -DHAVE_PORTAUDIO -DBUILD_LIBSVM -DBUILD_SVMSMO -DBUILD_RNN -DBUILD_WITHOUT_EXPERIMENTAL conftest.cpp >&5
configure:13417: $? = 0
configure:13937: checking for g++ option to produce PIC
configure:13944: result: -fPIC -DPIC
configure:13952: checking if g++ PIC flag -fPIC -DPIC works
configure:13970: g++ -c -O2 -lrt -D__STDC_CONSTANT_MACROS -DOPENSMILE_BUILD -DHAVE_PORTAUDIO -DBUILD_LIBSVM -DBUILD_SVMSMO -DBUILD_RNN -DBUILD_WITHOUT_EXPERIMENTAL -fPIC -DPIC -DPIC conftest.cpp >&5
configure:13974: $? = 0
configure:13987: result: yes
configure:14010: checking if g++ static flag -static works
configure:14038: result: yes
configure:14050: checking if g++ supports -c -o file.o
configure:14071: g++ -c -O2 -lrt -D__STDC_CONSTANT_MACROS -DOPENSMILE_BUILD -DHAVE_PORTAUDIO -DBUILD_LIBSVM -DBUILD_SVMSMO -DBUILD_RNN -DBUILD_WITHOUT_EXPERIMENTAL -o out/conftest2.o conftest.cpp >&5
configure:14075: $? = 0
configure:14097: result: yes
configure:14102: checking if g++ supports -c -o file.o
configure:14149: result: yes
configure:14179: checking whether the g++ linker (/usr/bin/ld -m elf_x86_64) supports shared libraries
configure:14215: result: yes
configure:14356: checking dynamic linker characteristics
configure:15027: result: GNU/Linux ld.so
configure:15080: checking how to hardcode library paths into programs
configure:15105: result: immediate
configure:15167: checking whether gcc and cc understand -c and -o together
configure:15198: gcc -c conftest.c -o conftest2.o >&5
configure:15202: $? = 0
configure:15208: gcc -c conftest.c -o conftest2.o >&5
configure:15212: $? = 0
configure:15223: cc -c conftest.c >&5
configure:15227: $? = 0
configure:15235: cc -c conftest.c -o conftest2.o >&5
configure:15239: $? = 0
configure:15245: cc -c conftest.c -o conftest2.o >&5
configure:15249: $? = 0
configure:15267: result: yes
configure:15337: checking for Pa_Initialize in -lportaudio
configure:15362: gcc -o conftest -O2 -DOPENSMILE_BUILD -DHAVE_PORTAUDIO -DBUILD_LIBSVM -DBUILD_SVMSMO -DBUILD_RNN -DBUILD_WITHOUT_EXPERIMENTAL -I/afs/ece.cmu.edu/usr/yaesunk/Documents/18500/opensmile-2.3.0/include -L/afs/ece.cmu.edu/usr/yaesunk/Documents/18500/opensmile-2.3.0/lib  conftest.c -lportaudio   >&5
configure:15362: $? = 0
configure:15371: result: yes
configure:15374: checking portaudio.h usability
configure:15374: gcc -c -O2 -DOPENSMILE_BUILD -DHAVE_PORTAUDIO -DBUILD_LIBSVM -DBUILD_SVMSMO -DBUILD_RNN -DBUILD_WITHOUT_EXPERIMENTAL -I/afs/ece.cmu.edu/usr/yaesunk/Documents/18500/opensmile-2.3.0/include conftest.c >&5
configure:15374: $? = 0
configure:15374: result: yes
configure:15374: checking portaudio.h presence
configure:15374: gcc -E -DOPENSMILE_BUILD -DHAVE_PORTAUDIO -DBUILD_LIBSVM -DBUILD_SVMSMO -DBUILD_RNN -DBUILD_WITHOUT_EXPERIMENTAL -I/afs/ece.cmu.edu/usr/yaesunk/Documents/18500/opensmile-2.3.0/include conftest.c
configure:15374: $? = 0
configure:15374: result: yes
configure:15374: checking for portaudio.h
configure:15374: result: yes
configure:15382: checking for Pa_GetHostApiCount in -lportaudio
configure:15407: gcc -o conftest -O2 -DOPENSMILE_BUILD -DHAVE_PORTAUDIO -DBUILD_LIBSVM -DBUILD_SVMSMO -DBUILD_RNN -DBUILD_WITHOUT_EXPERIMENTAL -I/afs/ece.cmu.edu/usr/yaesunk/Documents/18500/opensmile-2.3.0/include -L/afs/ece.cmu.edu/usr/yaesunk/Documents/18500/opensmile-2.3.0/lib  conftest.c -lportaudio   >&5
configure:15407: $? = 0
configure:15416: result: yes
configure:15781: checking for the pthreads library -lpthreads
configure:15814: gcc -o conftest -O2  -DOPENSMILE_BUILD -DHAVE_PORTAUDIO -DBUILD_LIBSVM -DBUILD_SVMSMO -DBUILD_RNN -DBUILD_WITHOUT_EXPERIMENTAL  conftest.c -lpthreads  >&5
/usr/bin/ld: cannot find -lpthreads
collect2: error: ld returned 1 exit status
configure:15814: $? = 1
configure: failed program was:
| /* confdefs.h */
| #define PACKAGE_NAME "openSMILE"
| #define PACKAGE_TARNAME "opensmile"
| #define PACKAGE_VERSION "2.3.0"
| #define PACKAGE_STRING "openSMILE 2.3.0"
| #define PACKAGE_BUGREPORT ""
| #define PACKAGE_URL ""
| #define PACKAGE "opensmile"
| #define VERSION "2.3.0"
| #define STDC_HEADERS 1
| #define HAVE_SYS_TYPES_H 1
| #define HAVE_SYS_STAT_H 1
| #define HAVE_STDLIB_H 1
| #define HAVE_STRING_H 1
| #define HAVE_MEMORY_H 1
| #define HAVE_STRINGS_H 1
| #define HAVE_INTTYPES_H 1
| #define HAVE_STDINT_H 1
| #define HAVE_UNISTD_H 1
| #define HAVE_DLFCN_H 1
| #define LT_OBJDIR ".libs/"
| #define HAVE_PORTAUDIO 1
| #define HAVE_PORTAUDIO_V19 1
| /* end confdefs.h.  */
| #include <pthread.h>
| int
| main ()
| {
| pthread_t th; pthread_join(th, 0);
|                      pthread_attr_init(0); pthread_cleanup_push(0, 0);
|                      pthread_create(0,0,0,0); pthread_cleanup_pop(0);
|   ;
|   return 0;
| }
configure:15823: result: no
configure:15726: checking whether pthreads work without any flags
configure:15814: gcc -o conftest -O2  -DOPENSMILE_BUILD -DHAVE_PORTAUDIO -DBUILD_LIBSVM -DBUILD_SVMSMO -DBUILD_RNN -DBUILD_WITHOUT_EXPERIMENTAL  conftest.c   >&5
/tmp/ccsliwR0.o: In function `main':
conftest.c:(.text.startup+0x9): undefined reference to `pthread_join'
conftest.c:(.text.startup+0x26): undefined reference to `__pthread_register_cancel'
conftest.c:(.text.startup+0x33): undefined reference to `pthread_create'
conftest.c:(.text.startup+0x3b): undefined reference to `__pthread_unregister_cancel'
collect2: error: ld returned 1 exit status
configure:15814: $? = 1
configure: failed program was:
| /* confdefs.h */
| #define PACKAGE_NAME "openSMILE"
| #define PACKAGE_TARNAME "opensmile"
| #define PACKAGE_VERSION "2.3.0"
| #define PACKAGE_STRING "openSMILE 2.3.0"
| #define PACKAGE_BUGREPORT ""
| #define PACKAGE_URL ""
| #define PACKAGE "opensmile"
| #define VERSION "2.3.0"
| #define STDC_HEADERS 1
| #define HAVE_SYS_TYPES_H 1
| #define HAVE_SYS_STAT_H 1
| #define HAVE_STDLIB_H 1
| #define HAVE_STRING_H 1
| #define HAVE_MEMORY_H 1
| #define HAVE_STRINGS_H 1
| #define HAVE_INTTYPES_H 1
| #define HAVE_STDINT_H 1
| #define HAVE_UNISTD_H 1
| #define HAVE_DLFCN_H 1
| #define LT_OBJDIR ".libs/"
| #define HAVE_PORTAUDIO 1
| #define HAVE_PORTAUDIO_V19 1
| /* end confdefs.h.  */
| #include <pthread.h>
| int
| main ()
| {
| pthread_t th; pthread_join(th, 0);
|                      pthread_attr_init(0); pthread_cleanup_push(0, 0);
|                      pthread_create(0,0,0,0); pthread_cleanup_pop(0);
|   ;
|   return 0;
| }
configure:15823: result: no
configure:15731: checking whether pthreads work with -Kthread
configure:15814: gcc -o conftest -O2 -Kthread -DOPENSMILE_BUILD -DHAVE_PORTAUDIO -DBUILD_LIBSVM -DBUILD_SVMSMO -DBUILD_RNN -DBUILD_WITHOUT_EXPERIMENTAL  conftest.c   >&5
gcc: error: unrecognized command line option '-Kthread'
configure:15814: $? = 1
configure: failed program was:
| /* confdefs.h */
| #define PACKAGE_NAME "openSMILE"
| #define PACKAGE_TARNAME "opensmile"
| #define PACKAGE_VERSION "2.3.0"
| #define PACKAGE_STRING "openSMILE 2.3.0"
| #define PACKAGE_BUGREPORT ""
| #define PACKAGE_URL ""
| #define PACKAGE "opensmile"
| #define VERSION "2.3.0"
| #define STDC_HEADERS 1
| #define HAVE_SYS_TYPES_H 1
| #define HAVE_SYS_STAT_H 1
| #define HAVE_STDLIB_H 1
| #define HAVE_STRING_H 1
| #define HAVE_MEMORY_H 1
| #define HAVE_STRINGS_H 1
| #define HAVE_INTTYPES_H 1
| #define HAVE_STDINT_H 1
| #define HAVE_UNISTD_H 1
| #define HAVE_DLFCN_H 1
| #define LT_OBJDIR ".libs/"
| #define HAVE_PORTAUDIO 1
| #define HAVE_PORTAUDIO_V19 1
| /* end confdefs.h.  */
| #include <pthread.h>
| int
| main ()
| {
| pthread_t th; pthread_join(th, 0);
|                      pthread_attr_init(0); pthread_cleanup_push(0, 0);
|                      pthread_create(0,0,0,0); pthread_cleanup_pop(0);
|   ;
|   return 0;
| }
configure:15823: result: no
configure:15731: checking whether pthreads work with -kthread
configure:15814: gcc -o conftest -O2 -kthread -DOPENSMILE_BUILD -DHAVE_PORTAUDIO -DBUILD_LIBSVM -DBUILD_SVMSMO -DBUILD_RNN -DBUILD_WITHOUT_EXPERIMENTAL  conftest.c   >&5
gcc: error: unrecognized command line option '-kthread'
configure:15814: $? = 1
configure: failed program was:
| /* confdefs.h */
| #define PACKAGE_NAME "openSMILE"
| #define PACKAGE_TARNAME "opensmile"
| #define PACKAGE_VERSION "2.3.0"
| #define PACKAGE_STRING "openSMILE 2.3.0"
| #define PACKAGE_BUGREPORT ""
| #define PACKAGE_URL ""
| #define PACKAGE "opensmile"
| #define VERSION "2.3.0"
| #define STDC_HEADERS 1
| #define HAVE_SYS_TYPES_H 1
| #define HAVE_SYS_STAT_H 1
| #define HAVE_STDLIB_H 1
| #define HAVE_STRING_H 1
| #define HAVE_MEMORY_H 1
| #define HAVE_STRINGS_H 1
| #define HAVE_INTTYPES_H 1
| #define HAVE_STDINT_H 1
| #define HAVE_UNISTD_H 1
| #define HAVE_DLFCN_H 1
| #define LT_OBJDIR ".libs/"
| #define HAVE_PORTAUDIO 1
| #define HAVE_PORTAUDIO_V19 1
| /* end confdefs.h.  */
| #include <pthread.h>
| int
| main ()
| {
| pthread_t th; pthread_join(th, 0);
|                      pthread_attr_init(0); pthread_cleanup_push(0, 0);
|                      pthread_create(0,0,0,0); pthread_cleanup_pop(0);
|   ;
|   return 0;
| }
configure:15823: result: no
configure:15781: checking for the pthreads library -llthread
configure:15814: gcc -o conftest -O2  -DOPENSMILE_BUILD -DHAVE_PORTAUDIO -DBUILD_LIBSVM -DBUILD_SVMSMO -DBUILD_RNN -DBUILD_WITHOUT_EXPERIMENTAL  conftest.c -llthread  >&5
/usr/bin/ld: cannot find -llthread
collect2: error: ld returned 1 exit status
configure:15814: $? = 1
configure: failed program was:
| /* confdefs.h */
| #define PACKAGE_NAME "openSMILE"
| #define PACKAGE_TARNAME "opensmile"
| #define PACKAGE_VERSION "2.3.0"
| #define PACKAGE_STRING "openSMILE 2.3.0"
| #define PACKAGE_BUGREPORT ""
| #define PACKAGE_URL ""
| #define PACKAGE "opensmile"
| #define VERSION "2.3.0"
| #define STDC_HEADERS 1
| #define HAVE_SYS_TYPES_H 1
| #define HAVE_SYS_STAT_H 1
| #define HAVE_STDLIB_H 1
| #define HAVE_STRING_H 1
| #define HAVE_MEMORY_H 1
| #define HAVE_STRINGS_H 1
| #define HAVE_INTTYPES_H 1
| #define HAVE_STDINT_H 1
| #define HAVE_UNISTD_H 1
| #define HAVE_DLFCN_H 1
| #define LT_OBJDIR ".libs/"
| #define HAVE_PORTAUDIO 1
| #define HAVE_PORTAUDIO_V19 1
| /* end confdefs.h.  */
| #include <pthread.h>
| int
| main ()
| {
| pthread_t th; pthread_join(th, 0);
|                      pthread_attr_init(0); pthread_cleanup_push(0, 0);
|                      pthread_create(0,0,0,0); pthread_cleanup_pop(0);
|   ;
|   return 0;
| }
configure:15823: result: no
configure:15781: checking for the pthreads library -lpthread
configure:15814: gcc -o conftest -O2  -DOPENSMILE_BUILD -DHAVE_PORTAUDIO -DBUILD_LIBSVM -DBUILD_SVMSMO -DBUILD_RNN -DBUILD_WITHOUT_EXPERIMENTAL  conftest.c -lpthread  >&5
configure:15814: $? = 0
configure:15823: result: yes
configure:15842: checking for joinable pthread attribute
configure:15857: gcc -o conftest -O2  -DOPENSMILE_BUILD -DHAVE_PORTAUDIO -DBUILD_LIBSVM -DBUILD_SVMSMO -DBUILD_RNN -DBUILD_WITHOUT_EXPERIMENTAL  conftest.c -lpthread  >&5
configure:15857: $? = 0
configure:15863: result: PTHREAD_CREATE_JOINABLE
configure:15873: checking if more special flags are required for pthreads
configure:15880: result: no
configure:16164: checking that generated files are newer than configure
configure:16170: result: done
configure:16201: creating ./config.status

## ---------------------- ##
## Running config.status. ##
## ---------------------- ##

This file was extended by openSMILE config.status 2.3.0, which was
generated by GNU Autoconf 2.69.  Invocation command line was

  CONFIG_FILES    = 
  CONFIG_HEADERS  = 
  CONFIG_LINKS    = 
  CONFIG_COMMANDS = 
  $ ./config.status 

on ahtanum.andrew.cmu.edu

config.status:1162: creating Makefile
config.status:1162: creating config.h
config.status:1391: executing depfiles commands
config.status:1391: executing libtool commands

## ---------------- ##
## Cache variables. ##
## ---------------- ##

ac_cv_build=x86_64-unknown-linux-gnu
ac_cv_c_compiler_gnu=yes
ac_cv_cxx_compiler_gnu=yes
ac_cv_env_CCC_set=
ac_cv_env_CCC_value=
ac_cv_env_CC_set=
ac_cv_env_CC_value=
ac_cv_env_CFLAGS_set=set
ac_cv_env_CFLAGS_value=-O2
ac_cv_env_CPPFLAGS_set=set
ac_cv_env_CPPFLAGS_value='-DOPENSMILE_BUILD -DHAVE_PORTAUDIO -DBUILD_LIBSVM -DBUILD_SVMSMO -DBUILD_RNN -DBUILD_WITHOUT_EXPERIMENTAL'
ac_cv_env_CPP_set=
ac_cv_env_CPP_value=
ac_cv_env_CXXCPP_set=
ac_cv_env_CXXCPP_value=
ac_cv_env_CXXFLAGS_set=set
ac_cv_env_CXXFLAGS_value='-O2 -lrt -D__STDC_CONSTANT_MACROS'
ac_cv_env_CXX_set=
ac_cv_env_CXX_value=
ac_cv_env_LDFLAGS_set=
ac_cv_env_LDFLAGS_value=
ac_cv_env_LIBS_set=
ac_cv_env_LIBS_value=
ac_cv_env_build_alias_set=set
ac_cv_env_build_alias_value=
ac_cv_env_host_alias_set=set
ac_cv_env_host_alias_value=
ac_cv_env_target_alias_set=set
ac_cv_env_target_alias_value=
ac_cv_header_dlfcn_h=yes
ac_cv_header_inttypes_h=yes
ac_cv_header_memory_h=yes
ac_cv_header_portaudio_h=yes
ac_cv_header_stdc=yes
ac_cv_header_stdint_h=yes
ac_cv_header_stdlib_h=yes
ac_cv_header_string_h=yes
ac_cv_header_strings_h=yes
ac_cv_header_sys_stat_h=yes
ac_cv_header_sys_types_h=yes
ac_cv_header_unistd_h=yes
ac_cv_host=x86_64-unknown-linux-gnu
ac_cv_lib_portaudio_Pa_GetHostApiCount=yes
ac_cv_lib_portaudio_Pa_Initialize=yes
ac_cv_objext=o
ac_cv_path_EGREP='/usr/bin/grep -E'
ac_cv_path_FGREP='/usr/bin/grep -F'
ac_cv_path_GREP=/usr/bin/grep
ac_cv_path_SED=/usr/bin/sed
ac_cv_path_install='/usr/bin/install -c'
ac_cv_path_mkdir=/usr/bin/mkdir
ac_cv_prog_AWK=gawk
ac_cv_prog_CPP='gcc -E'
ac_cv_prog_CXXCPP='g++ -E'
ac_cv_prog_ac_ct_AR=ar
ac_cv_prog_ac_ct_CC=gcc
ac_cv_prog_ac_ct_CXX=g++
ac_cv_prog_ac_ct_OBJDUMP=objdump
ac_cv_prog_ac_ct_RANLIB=ranlib
ac_cv_prog_ac_ct_STRIP=strip
ac_cv_prog_cc_c89=
ac_cv_prog_cc_g=yes
ac_cv_prog_cc_gcc_c_o=yes
ac_cv_prog_cxx_g=yes
ac_cv_prog_make_make_set=yes
am_cv_CC_dependencies_compiler_type=gcc3
am_cv_CXX_dependencies_compiler_type=gcc3
am_cv_make_support_nested_variables=yes
lt_cv_ar_at_file=@
lt_cv_archive_cmds_need_lc=no
lt_cv_deplibs_check_method=pass_all
lt_cv_file_magic_cmd='$MAGIC_CMD'
lt_cv_file_magic_test_file=
lt_cv_ld_reload_flag=-r
lt_cv_nm_interface='BSD nm'
lt_cv_objdir=.libs
lt_cv_path_LD=/usr/bin/ld
lt_cv_path_LDCXX='/usr/bin/ld -m elf_x86_64'
lt_cv_path_NM='/usr/bin/nm -B'
lt_cv_path_mainfest_tool=no
lt_cv_prog_compiler_c_o=yes
lt_cv_prog_compiler_c_o_CXX=yes
lt_cv_prog_compiler_pic='-fPIC -DPIC'
lt_cv_prog_compiler_pic_CXX='-fPIC -DPIC'
lt_cv_prog_compiler_pic_works=yes
lt_cv_prog_compiler_pic_works_CXX=yes
lt_cv_prog_compiler_rtti_exceptions=no
lt_cv_prog_compiler_static_works=yes
lt_cv_prog_compiler_static_works_CXX=yes
lt_cv_prog_gnu_ld=yes
lt_cv_prog_gnu_ldcxx=yes
lt_cv_sharedlib_from_linklib_cmd='printf %s\n'
lt_cv_shlibpath_overrides_runpath=no
lt_cv_sys_global_symbol_pipe='sed -n -e '\''s/^.*[	 ]\([ABCDGIRSTW][ABCDGIRSTW]*\)[	 ][	 ]*\([_A-Za-z][_A-Za-z0-9]*\)$/\1 \2 \2/p'\'' | sed '\''/ __gnu_lto/d'\'''
lt_cv_sys_global_symbol_to_c_name_address='sed -n -e '\''s/^: \([^ ]*\)[ ]*$/  {\"\1\", (void *) 0},/p'\'' -e '\''s/^[ABCDGIRSTW]* \([^ ]*\) \([^ ]*\)$/  {"\2", (void *) \&\2},/p'\'''
lt_cv_sys_global_symbol_to_c_name_address_lib_prefix='sed -n -e '\''s/^: \([^ ]*\)[ ]*$/  {\"\1\", (void *) 0},/p'\'' -e '\''s/^[ABCDGIRSTW]* \([^ ]*\) \(lib[^ ]*\)$/  {"\2", (void *) \&\2},/p'\'' -e '\''s/^[ABCDGIRSTW]* \([^ ]*\) \([^ ]*\)$/  {"lib\2", (void *) \&\2},/p'\'''
lt_cv_sys_global_symbol_to_cdecl='sed -n -e '\''s/^T .* \(.*\)$/extern int \1();/p'\'' -e '\''s/^[ABCDGIRSTW]* .* \(.*\)$/extern char \1;/p'\'''
lt_cv_sys_max_cmd_len=1572864
lt_cv_to_host_file_cmd=func_convert_file_noop
lt_cv_to_tool_file_cmd=func_convert_file_noop

## ----------------- ##
## Output variables. ##
## ----------------- ##

ACLOCAL='${SHELL} /afs/ece.cmu.edu/usr/yaesunk/Documents/18500/opensmile-2.3.0/missing aclocal-1.13'
AMDEPBACKSLASH='\'
AMDEP_FALSE='#'
AMDEP_TRUE=''
AMTAR='$${TAR-tar}'
AM_BACKSLASH='\'
AM_DEFAULT_V='$(AM_DEFAULT_VERBOSITY)'
AM_DEFAULT_VERBOSITY='1'
AM_V='$(V)'
ANDROID_LDFLAGS=''
AR='ar'
AUTOCONF='${SHELL} /afs/ece.cmu.edu/usr/yaesunk/Documents/18500/opensmile-2.3.0/missing autoconf'
AUTOHEADER='${SHELL} /afs/ece.cmu.edu/usr/yaesunk/Documents/18500/opensmile-2.3.0/missing autoheader'
AUTOMAKE='${SHELL} /afs/ece.cmu.edu/usr/yaesunk/Documents/18500/opensmile-2.3.0/missing automake-1.13'
AWK='gawk'
BUILD_SMILExtract_FALSE='#'
BUILD_SMILExtract_TRUE=''
CC='gcc'
CCDEPMODE='depmode=gcc3'
CFLAGS='-O2'
CPP='gcc -E'
CPPFLAGS='-DOPENSMILE_BUILD -DHAVE_PORTAUDIO -DBUILD_LIBSVM -DBUILD_SVMSMO -DBUILD_RNN -DBUILD_WITHOUT_EXPERIMENTAL'
CXX='g++'
CXXCPP='g++ -E'
CXXDEPMODE='depmode=gcc3'
CXXFLAGS='-O2 -lrt -D__STDC_CONSTANT_MACROS'
CYGPATH_W='echo'
DEFS='-DHAVE_CONFIG_H'
DEPDIR='.deps'
DLIB='-ldl'
DLLTOOL='false'
DSYMUTIL=''
DUMPBIN=''
ECHO_C=''
ECHO_N='-n'
ECHO_T=''
EGREP='/usr/bin/grep -E'
EXEEXT=''
FGREP='/usr/bin/grep -F'
GREP='/usr/bin/grep'
INSTALL_DATA='${INSTALL} -m 644'
INSTALL_PROGRAM='${INSTALL}'
INSTALL_SCRIPT='${INSTALL}'
INSTALL_STRIP_PROGRAM='$(install_sh) -c -s'
LD='/usr/bin/ld -m elf_x86_64'
LDFLAGS=''
LIBOBJS=''
LIBS=''
LIBTOOL='$(SHELL) $(top_builddir)/libtool'
LIPO=''
LN_S='ln -s'
LTLIBOBJS=''
MAKEINFO='${SHELL} /afs/ece.cmu.edu/usr/yaesunk/Documents/18500/opensmile-2.3.0/missing makeinfo'
MANIFEST_TOOL=':'
MKDIR_P='/usr/bin/mkdir -p'
NM='/usr/bin/nm -B'
NMEDIT=''
OBJDUMP='objdump'
OBJEXT='o'
OPENCV_CPPFLAGS=''
OPENCV_LDFLAGS=''
OPENCV_ROOT='no'
OTOOL64=''
OTOOL=''
PACKAGE='opensmile'
PACKAGE_BUGREPORT=''
PACKAGE_NAME='openSMILE'
PACKAGE_STRING='openSMILE 2.3.0'
PACKAGE_TARNAME='opensmile'
PACKAGE_URL=''
PACKAGE_VERSION='2.3.0'
PATH_SEPARATOR=':'
PORTAUDIO_CPPFLAGS='-I/afs/ece.cmu.edu/usr/yaesunk/Documents/18500/opensmile-2.3.0/include'
PORTAUDIO_LDFLAGS='-lportaudio -L/afs/ece.cmu.edu/usr/yaesunk/Documents/18500/opensmile-2.3.0/lib'
PORTAUDIO_ROOT='/afs/ece.cmu.edu/usr/yaesunk/Documents/18500/opensmile-2.3.0'
PTHREAD_CC='gcc'
PTHREAD_CFLAGS=''
PTHREAD_LIBS='-lpthread'
RANLIB='ranlib'
SED='/usr/bin/sed'
SET_MAKE=''
SHELL='/bin/sh'
STRIP='strip'
VERSION='2.3.0'
ac_ct_AR='ar'
ac_ct_CC='gcc'
ac_ct_CXX='g++'
ac_ct_DUMPBIN=''
acx_pthread_config=''
am__EXEEXT_FALSE=''
am__EXEEXT_TRUE='#'
am__fastdepCC_FALSE='#'
am__fastdepCC_TRUE=''
am__fastdepCXX_FALSE='#'
am__fastdepCXX_TRUE=''
am__include='include'
am__isrc=''
am__leading_dot='.'
am__nodep='_no'
am__quote=''
am__tar='$${TAR-tar} chof - "$$tardir"'
am__untar='$${TAR-tar} xf -'
bindir='${exec_prefix}/bin'
build='x86_64-unknown-linux-gnu'
build_alias=''
build_cpu='x86_64'
build_os='linux-gnu'
build_vendor='unknown'
datadir='${datarootdir}'
datarootdir='${prefix}/share'
docdir='${datarootdir}/doc/${PACKAGE_TARNAME}'
dvidir='${docdir}'
exec_prefix='${prefix}'
host='x86_64-unknown-linux-gnu'
host_alias=''
host_cpu='x86_64'
host_os='linux-gnu'
host_vendor='unknown'
htmldir='${docdir}'
includedir='${prefix}/include'
infodir='${datarootdir}/info'
install_sh='${SHELL} /afs/ece.cmu.edu/usr/yaesunk/Documents/18500/opensmile-2.3.0/install-sh'
libdir='${exec_prefix}/lib'
libexecdir='${exec_prefix}/libexec'
localedir='${datarootdir}/locale'
localstatedir='${prefix}/var'
mandir='${datarootdir}/man'
mkdir_p='$(MKDIR_P)'
oldincludedir='/usr/include'
pdfdir='${docdir}'
prefix='/afs/ece.cmu.edu/usr/yaesunk/Documents/18500/opensmile-2.3.0'
program_transform_name='s,x,x,'
psdir='${docdir}'
sbindir='${exec_prefix}/sbin'
sharedstatedir='${prefix}/com'
sysconfdir='${prefix}/etc'
target_alias=''

## ----------- ##
## confdefs.h. ##
## ----------- ##

/* confdefs.h */
#define PACKAGE_NAME "openSMILE"
#define PACKAGE_TARNAME "opensmile"
#define PACKAGE_VERSION "2.3.0"
#define PACKAGE_STRING "openSMILE 2.3.0"
#define PACKAGE_BUGREPORT ""
#define PACKAGE_URL ""
#define PACKAGE "opensmile"
#define VERSION "2.3.0"
#define STDC_HEADERS 1
#define HAVE_SYS_TYPES_H 1
#define HAVE_SYS_STAT_H 1
#define HAVE_STDLIB_H 1
#define HAVE_STRING_H 1
#define HAVE_MEMORY_H 1
#define HAVE_STRINGS_H 1
#define HAVE_INTTYPES_H 1
#define HAVE_STDINT_H 1
#define HAVE_UNISTD_H 1
#define HAVE_DLFCN_H 1
#define LT_OBJDIR ".libs/"
#define HAVE_PORTAUDIO 1
#define HAVE_PORTAUDIO_V19 1
#define HAVE_PTHREAD 1
#define WITH_LIVEREC 1
#define HAVE_AUTOCONF 1

configure: exit 0

## ---------------------- ##
## Running config.status. ##
## ---------------------- ##

This file was extended by openSMILE config.status 2.3.0, which was
generated by GNU Autoconf 2.69.  Invocation command line was

  CONFIG_FILES    = 
  CONFIG_HEADERS  = 
  CONFIG_LINKS    = 
  CONFIG_COMMANDS = 
  $ ./config.status config.h

on ahtanum.andrew.cmu.edu

config.status:1162: creating config.h
config.status:1343: config.h is unchanged
